<?xml version="1.0" encoding="UTF-8"?>
<!-- Generated by org.testng.reporters.JUnitXMLReporter -->
<testsuite ignored="0" hostname="Kunal" failures="0" tests="3" name="Default test" time="53.447" errors="0" timestamp="2023-11-27T22:55:38 IST">
  <testcase classname="Module1_Login_Test.SwagLoginTest" name="VerifyTitle" time="3.061"/>
  <testcase classname="Module1_Login_Test.SwagLoginTest" name="AddToCart" time="9.129"/>
  <testcase classname="Module1_Login_Test.SwagLoginTest" name="removeCartItem" time="12.197"/>
</testsuite> <!-- Default test -->
